# JRE version: OpenJDK Runtime Environment Corretto-17.0.6.10.1 (17.0.6+10) (build 17.0.6+10-LTS)
# Java VM: OpenJDK 64-Bit Server VM Corretto-17.0.6.10.1 (17.0.6+10-LTS, mixed mode, sharing, tiered, compressed oops, compressed class ptrs, g1 gc, windows-amd64)
GC Precious Log:
 CPUs: 4 total, 4 available
 Memory: 16238M
 Large Page Support: Disabled
 NUMA Support: Disabled
 Compressed Oops: Enabled (32-bit)
 Heap Region Size: 1M
 Heap Min Capacity: 128M
 Heap Initial Capacity: 128M
 Heap Max Capacity: 2030M
 Pre-touch: Disabled
 Parallel Workers: 4
 Concurrent Workers: 1
 Concurrent Refinement Workers: 4
 Periodic GC: Disabled
Heap:
 garbage-first heap   total 226304K, used 77321K [0x0000000081200000, 0x0000000100000000)
  region size 1024K, 5 young (5120K), 5 survivors (5120K)
 Metaspace       used 28325K, committed 28480K, reserved 1081344K
  class space    used 3446K, committed 3520K, reserved 1048576K
GC Heap History (20 events):
Event: 0.324 GC heap after
{Heap after GC invocations=1 (full 0):
 garbage-first heap   total 131072K, used 11819K [0x0000000081200000, 0x0000000100000000)
  region size 1024K, 2 young (2048K), 2 survivors (2048K)
 Metaspace       used 440K, committed 640K, reserved 1056768K
  class space    used 23K, committed 128K, reserved 1048576K
}
Event: 0.416 GC heap before
{Heap before GC invocations=1 (full 0):
 garbage-first heap   total 131072K, used 28203K [0x0000000081200000, 0x0000000100000000)
  region size 1024K, 18 young (18432K), 2 survivors (2048K)
 Metaspace       used 442K, committed 640K, reserved 1056768K
  class space    used 23K, committed 128K, reserved 1048576K
}
Event: 0.427 GC heap after
{Heap after GC invocations=2 (full 0):
 garbage-first heap   total 131072K, used 21201K [0x0000000081200000, 0x0000000100000000)
  region size 1024K, 3 young (3072K), 3 survivors (3072K)
 Metaspace       used 442K, committed 640K, reserved 1056768K
  class space    used 23K, committed 128K, reserved 1048576K
}
Event: 0.511 GC heap before
{Heap before GC invocations=2 (full 0):
 garbage-first heap   total 131072K, used 54993K [0x0000000081200000, 0x0000000100000000)
  region size 1024K, 22 young (22528K), 3 survivors (3072K)
 Metaspace       used 504K, committed 704K, reserved 1056768K
  class space    used 26K, committed 128K, reserved 1048576K
}
Event: 0.522 GC heap after
{Heap after GC invocations=3 (full 0):
 garbage-first heap   total 131072K, used 39936K [0x0000000081200000, 0x0000000100000000)
  region size 1024K, 3 young (3072K), 3 survivors (3072K)
 Metaspace       used 504K, committed 704K, reserved 1056768K
  class space    used 26K, committed 128K, reserved 1048576K
}
Event: 1.050 GC heap before
{Heap before GC invocations=3 (full 0):
 garbage-first heap   total 131072K, used 65536K [0x0000000081200000, 0x0000000100000000)
  region size 1024K, 28 young (28672K), 3 survivors (3072K)
 Metaspace       used 3837K, committed 4032K, reserved 1056768K
  class space    used 382K, committed 512K, reserved 1048576K
}
Event: 1.059 GC heap after
{Heap after GC invocations=4 (full 0):
 garbage-first heap   total 131072K, used 42986K [0x0000000081200000, 0x0000000100000000)
  region size 1024K, 4 young (4096K), 4 survivors (4096K)
 Metaspace       used 3837K, committed 4032K, reserved 1056768K
  class space    used 382K, committed 512K, reserved 1048576K
}
Event: 1.936 GC heap before
{Heap before GC invocations=4 (full 0):
 garbage-first heap   total 131072K, used 104426K [0x0000000081200000, 0x0000000100000000)
  region size 1024K, 54 young (55296K), 4 survivors (4096K)
 Metaspace       used 10227K, committed 10432K, reserved 1064960K
  class space    used 1118K, committed 1216K, reserved 1048576K
}
Event: 1.957 GC heap after
{Heap after GC invocations=5 (full 0):
 garbage-first heap   total 226304K, used 64117K [0x0000000081200000, 0x0000000100000000)
  region size 1024K, 7 young (7168K), 7 survivors (7168K)
 Metaspace       used 10227K, committed 10432K, reserved 1064960K
  class space    used 1118K, committed 1216K, reserved 1048576K
}
Event: 2.374 GC heap before
{Heap before GC invocations=5 (full 0):
 garbage-first heap   total 226304K, used 164469K [0x0000000081200000, 0x0000000100000000)
  region size 1024K, 80 young (81920K), 7 survivors (7168K)
 Metaspace       used 11271K, committed 11392K, reserved 1064960K
  class space    used 1281K, committed 1344K, reserved 1048576K
}
Event: 2.391 GC heap after
{Heap after GC invocations=6 (full 0):
 garbage-first heap   total 226304K, used 74741K [0x0000000081200000, 0x0000000100000000)
  region size 1024K, 10 young (10240K), 10 survivors (10240K)
 Metaspace       used 11271K, committed 11392K, reserved 1064960K
  class space    used 1281K, committed 1344K, reserved 1048576K
}
Event: 3.462 GC heap before
{Heap before GC invocations=6 (full 0):
 garbage-first heap   total 226304K, used 187381K [0x0000000081200000, 0x0000000100000000)
  region size 1024K, 95 young (97280K), 10 survivors (10240K)
 Metaspace       used 16956K, committed 17152K, reserved 1064960K
  class space    used 2018K, committed 2112K, reserved 1048576K
}
Event: 3.482 GC heap after
{Heap after GC invocations=7 (full 0):
 garbage-first heap   total 226304K, used 98673K [0x0000000081200000, 0x0000000100000000)
  region size 1024K, 12 young (12288K), 12 survivors (12288K)
 Metaspace       used 16956K, committed 17152K, reserved 1064960K
  class space    used 2018K, committed 2112K, reserved 1048576K
}
Event: 5.898 GC heap before
{Heap before GC invocations=7 (full 0):
 garbage-first heap   total 226304K, used 175473K [0x0000000081200000, 0x0000000100000000)
  region size 1024K, 73 young (74752K), 12 survivors (12288K)
 Metaspace       used 21341K, committed 21504K, reserved 1073152K
  class space    used 2518K, committed 2624K, reserved 1048576K
}
Event: 5.917 GC heap after
{Heap after GC invocations=8 (full 0):
 garbage-first heap   total 226304K, used 103396K [0x0000000081200000, 0x0000000100000000)
  region size 1024K, 9 young (9216K), 9 survivors (9216K)
 Metaspace       used 21341K, committed 21504K, reserved 1073152K
  class space    used 2518K, committed 2624K, reserved 1048576K
}
Event: 7.410 GC heap before
{Heap before GC invocations=9 (full 0):
 garbage-first heap   total 226304K, used 126948K [0x0000000081200000, 0x0000000100000000)
  region size 1024K, 69 young (70656K), 9 survivors (9216K)
 Metaspace       used 28316K, committed 28480K, reserved 1081344K
  class space    used 3446K, committed 3520K, reserved 1048576K
}
Event: 7.428 GC heap after
{Heap after GC invocations=10 (full 0):
 garbage-first heap   total 226304K, used 75119K [0x0000000081200000, 0x0000000100000000)
  region size 1024K, 9 young (9216K), 9 survivors (9216K)
 Metaspace       used 28316K, committed 28480K, reserved 1081344K
  class space    used 3446K, committed 3520K, reserved 1048576K
}
Event: 7.452 GC heap before
{Heap before GC invocations=10 (full 0):
 garbage-first heap   total 226304K, used 77167K [0x0000000081200000, 0x0000000100000000)
  region size 1024K, 11 young (11264K), 9 survivors (9216K)
 Metaspace       used 28316K, committed 28480K, reserved 1081344K
  class space    used 3446K, committed 3520K, reserved 1048576K
}
Event: 7.463 GC heap after
{Heap after GC invocations=11 (full 0):
 garbage-first heap   total 226304K, used 73728K [0x0000000081200000, 0x0000000100000000)
  region size 1024K, 1 young (1024K), 1 survivors (1024K)
 Metaspace       used 28316K, committed 28480K, reserved 1081344K
  class space    used 3446K, committed 3520K, reserved 1048576K
}
Event: 8.902 GC heap before
{Heap before GC invocations=11 (full 0):
 garbage-first heap   total 226304K, used 154624K [0x0000000081200000, 0x0000000100000000)
  region size 1024K, 80 young (81920K), 1 survivors (1024K)
 Metaspace       used 28325K, committed 28480K, reserved 1081344K
  class space    used 3446K, committed 3520K, reserved 1048576K
}

